PING 10.0.0.3 (10.0.0.3) from 10.0.0.1 : 56(124) bytes of data.
[1661854501.426195] no answer yet for icmp_seq=1
[1661854501.436396] no answer yet for icmp_seq=2
[1661854501.673393] no answer yet for icmp_seq=14
[1661854501.719581] no answer yet for icmp_seq=17
[1661854501.749757] no answer yet for icmp_seq=19
[1661854501.766639] no answer yet for icmp_seq=20
[1661854501.889876] no answer yet for icmp_seq=29
[1661854501.910755] no answer yet for icmp_seq=30
[1661854501.966951] no answer yet for icmp_seq=34
[1661854501.981165] no answer yet for icmp_seq=35
[1661854501.995943] no answer yet for icmp_seq=36
[1661854502.024149] no answer yet for icmp_seq=38
[1661854502.077493] no answer yet for icmp_seq=42
[1661854502.093090] no answer yet for icmp_seq=43
[1661854502.108404] no answer yet for icmp_seq=44
[1661854502.130769] no answer yet for icmp_seq=45
[1661854502.249512] no answer yet for icmp_seq=53
[1661854502.263698] no answer yet for icmp_seq=54
[1661854502.333854] no answer yet for icmp_seq=59
[1661854502.350557] no answer yet for icmp_seq=60
[1661854502.414701] no answer yet for icmp_seq=65
[1661854502.429617] no answer yet for icmp_seq=66
[1661854502.468780] no answer yet for icmp_seq=69
[1661854502.484608] no answer yet for icmp_seq=70
[1661854502.516216] no answer yet for icmp_seq=72
[1661854502.601440] no answer yet for icmp_seq=78
[1661854502.619405] no answer yet for icmp_seq=79
[1661854502.652122] no answer yet for icmp_seq=81
[1661854502.686419] no answer yet for icmp_seq=83
[1661854502.704047] no answer yet for icmp_seq=84
[1661854502.799343] no answer yet for icmp_seq=90
[1661854502.875694] no answer yet for icmp_seq=95
[1661854502.891356] no answer yet for icmp_seq=96
[1661854502.911780] no answer yet for icmp_seq=97

--- 10.0.0.3 ping statistics ---
100 packets transmitted, 100 received, 0% packet loss, time 1527ms
rtt min/avg/max/mdev = 6.505/14.687/28.057/4.978 ms, pipe 3, ipg/ewma 15.424/14.424 ms
