PING 10.0.0.3 (10.0.0.3) from 10.0.0.2 : 56(124) bytes of data.
[1661854501.428782] no answer yet for icmp_seq=1
[1661854501.439071] no answer yet for icmp_seq=2
[1661854501.728278] no answer yet for icmp_seq=16
[1661854501.744490] no answer yet for icmp_seq=17
[1661854501.760735] no answer yet for icmp_seq=18
[1661854501.880888] no answer yet for icmp_seq=27
[1661854501.893530] no answer yet for icmp_seq=28
[1661854501.968361] no answer yet for icmp_seq=33
[1661854501.994506] no answer yet for icmp_seq=35
[1661854502.075668] no answer yet for icmp_seq=41
[1661854502.089294] no answer yet for icmp_seq=42
[1661854502.104650] no answer yet for icmp_seq=43
[1661854502.124313] no answer yet for icmp_seq=44
[1661854502.140857] no answer yet for icmp_seq=45
[1661854502.171005] no answer yet for icmp_seq=47
[1661854502.257149] no answer yet for icmp_seq=53
[1661854502.299780] no answer yet for icmp_seq=56
[1661854502.328004] no answer yet for icmp_seq=58
[1661854502.342399] no answer yet for icmp_seq=59
[1661854502.421530] no answer yet for icmp_seq=65
[1661854502.463196] no answer yet for icmp_seq=68
[1661854502.476679] no answer yet for icmp_seq=69
[1661854502.514530] no answer yet for icmp_seq=71
[1661854502.561380] no answer yet for icmp_seq=74
[1661854502.604564] no answer yet for icmp_seq=77
[1661854502.626311] no answer yet for icmp_seq=78
[1661854502.658419] no answer yet for icmp_seq=80
[1661854502.692622] no answer yet for icmp_seq=82
[1661854502.710665] no answer yet for icmp_seq=83
[1661854502.799921] no answer yet for icmp_seq=89
[1661854502.871393] no answer yet for icmp_seq=94
[1661854502.886127] no answer yet for icmp_seq=95
[1661854502.902296] no answer yet for icmp_seq=96

--- 10.0.0.3 ping statistics ---
100 packets transmitted, 100 received, 0% packet loss, time 1527ms
rtt min/avg/max/mdev = 6.939/14.426/30.975/5.148 ms, pipe 3, ipg/ewma 15.422/13.639 ms
