PING 10.0.0.4 (10.0.0.4) from 10.0.0.2 : 56(124) bytes of data.
[1661854501.428754] no answer yet for icmp_seq=1
[1661854501.439071] no answer yet for icmp_seq=2
[1661854501.745215] no answer yet for icmp_seq=17
[1661854501.762215] no answer yet for icmp_seq=18
[1661854501.886344] no answer yet for icmp_seq=27
[1661854501.900576] no answer yet for icmp_seq=28
[1661854501.970236] no answer yet for icmp_seq=33
[1661854501.984338] no answer yet for icmp_seq=34
[1661854501.998913] no answer yet for icmp_seq=35
[1661854502.025230] no answer yet for icmp_seq=37
[1661854502.077434] no answer yet for icmp_seq=41
[1661854502.112296] no answer yet for icmp_seq=43
[1661854502.168793] no answer yet for icmp_seq=46
[1661854502.260927] no answer yet for icmp_seq=52
[1661854502.332079] no answer yet for icmp_seq=57
[1661854502.350308] no answer yet for icmp_seq=58
[1661854502.418469] no answer yet for icmp_seq=63
[1661854502.434433] no answer yet for icmp_seq=64
[1661854502.474662] no answer yet for icmp_seq=67
[1661854502.493816] no answer yet for icmp_seq=68
[1661854502.509443] no answer yet for icmp_seq=69
[1661854502.566708] no answer yet for icmp_seq=73
[1661854502.592846] no answer yet for icmp_seq=75
[1661854502.608599] no answer yet for icmp_seq=76
[1661854502.628473] no answer yet for icmp_seq=77
[1661854502.660594] no answer yet for icmp_seq=79
[1661854502.692787] no answer yet for icmp_seq=81
[1661854502.710078] no answer yet for icmp_seq=82
[1661854502.756480] no answer yet for icmp_seq=85
[1661854502.801640] no answer yet for icmp_seq=88
[1661854502.848157] no answer yet for icmp_seq=91
[1661854502.876284] no answer yet for icmp_seq=93
[1661854502.892731] no answer yet for icmp_seq=94
[1661854502.908680] no answer yet for icmp_seq=95

--- 10.0.0.4 ping statistics ---
100 packets transmitted, 100 received, 0% packet loss, time 1548ms
rtt min/avg/max/mdev = 6.038/14.651/31.033/5.359 ms, pipe 3, ipg/ewma 15.638/14.094 ms
